<?xml version="1.0" encoding="UTF-8"?>
<testng-results skipped="0" failed="0" ignored="0" total="1" passed="1">
  <reporter-output>
  </reporter-output>
  <suite name="Suite" duration-ms="12204" started-at="2019-10-12T10:58:47Z" finished-at="2019-10-12T10:58:59Z">
    <groups>
    </groups>
    <test name="Test" duration-ms="12204" started-at="2019-10-12T10:58:47Z" finished-at="2019-10-12T10:58:59Z">
      <class name="pages.LoginPage">
        <test-method status="PASS" signature="setData()[pri:0, instance:pages.LoginPage@5383967b]" name="setData" is-config="true" duration-ms="16" started-at="2019-10-12T10:58:47Z" finished-at="2019-10-12T10:58:47Z">
          <reporter-output>
          </reporter-output>
        </test-method> <!-- setData -->
        <test-method status="PASS" signature="startApp(java.lang.String)[pri:0, instance:pages.LoginPage@5383967b]" name="startApp" is-config="true" duration-ms="6826" started-at="2019-10-12T10:58:48Z" finished-at="2019-10-12T10:58:54Z">
          <params>
            <param index="0">
              <value>
                <![CDATA[https://acme-test.uipath.com/account/login]]>
              </value>
            </param>
          </params>
          <reporter-output>
          </reporter-output>
        </test-method> <!-- startApp -->
        <test-method status="PASS" signature="startApp(java.lang.String, java.lang.String, java.lang.String)[pri:0, instance:pages.LoginPage@5383967b]" name="startApp" duration-ms="4693" started-at="2019-10-12T10:58:54Z" data-provider="fetchData" finished-at="2019-10-12T10:58:59Z">
          <params>
            <param index="0">
              <value>
                <![CDATA[kumar.testleaf@gmail.com]]>
              </value>
            </param>
            <param index="1">
              <value>
                <![CDATA[leaf@12]]>
              </value>
            </param>
            <param index="2">
              <value>
                <![CDATA[Blue Lagoon]]>
              </value>
            </param>
          </params>
          <reporter-output>
          </reporter-output>
        </test-method> <!-- startApp -->
        <test-method status="PASS" signature="closeApp()[pri:0, instance:pages.LoginPage@5383967b]" name="closeApp" is-config="true" duration-ms="84" started-at="2019-10-12T10:58:59Z" finished-at="2019-10-12T10:58:59Z">
          <reporter-output>
          </reporter-output>
        </test-method> <!-- closeApp -->
      </class> <!-- pages.LoginPage -->
    </test> <!-- Test -->
  </suite> <!-- Suite -->
</testng-results>
